#
# There is insufficient memory for the Java Runtime Environment to continue.
# Native memory allocation (mmap) failed to map 65536 bytes for Failed to commit metaspace.
# Possible reasons:
#   The system is out of physical RAM or swap space
#   The process is running with CompressedOops enabled, and the Java Heap may be blocking the growth of the native heap
# Possible solutions:
#   Reduce memory load on the system
#   Increase physical memory or swap space
#   Check if swap backing store is full
#   Decrease Java heap size (-Xmx/-Xms)
#   Decrease number of Java threads
#   Decrease Java thread stack sizes (-Xss)
#   Set larger code cache with -XX:ReservedCodeCacheSize=
#   JVM is running with Unscaled Compressed Oops mode in which the Java heap is
#     placed in the first 4GB address space. The Java Heap base address is the
#     maximum limit for the native heap growth. Please use -XX:HeapBaseMinAddress
#     to set the Java Heap base and to place the Java Heap above 4GB virtual address.
# This output file may be truncated or incomplete.
#
#  Out of Memory Error (virtualSpaceNode.cpp:110), pid=14900, tid=3844
#
# JRE version: Java(TM) SE Runtime Environment (17.0.12+8) (build 17.0.12+8-LTS-286)
# Java VM: Java HotSpot(TM) 64-Bit Server VM (17.0.12+8-LTS-286, mixed mode, sharing, tiered, compressed oops, compressed class ptrs, g1 gc, windows-amd64)
# No core dump will be written. Minidumps are not enabled by default on client versions of Windows
#

---------------  S U M M A R Y ------------

Command Line: -javaagent:C:\Program Files (x86)\JetBrains\IntelliJ IDEA Community Edition 2025.1.1.1\lib\idea_rt.jar=56817 -Dfile.encoding=UTF-8 com.rafamamu.financeflow.FinanceflowApplication

Host: Intel(R) Core(TM) i3-10110U CPU @ 2.10GHz, 4 cores, 7G,  Windows 11 , 64 bit Build 26100 (10.0.26100.8521)
Time: Sun May 31 13:39:35 2026 Hora oficial do Brasil elapsed time: 4.682028 seconds (0d 0h 0m 4s)

---------------  T H R E A D  ---------------

Current thread (0x000001c972b53af0):  JavaThread "background-preinit" [_thread_in_vm, id=3844, stack(0x0000009097a00000,0x0000009097b00000)]

Stack: [0x0000009097a00000,0x0000009097b00000]
Native frames: (J=compiled Java code, j=interpreted, Vv=VM code, C=native code)
V  [jvm.dll+0x67a04a]
V  [jvm.dll+0x7da4ed]
V  [jvm.dll+0x7dbe33]
V  [jvm.dll+0x7dc4a3]
V  [jvm.dll+0x24508f]
V  [jvm.dll+0x7d60bb]
V  [jvm.dll+0x6206c6]
V  [jvm.dll+0x1bed07]
V  [jvm.dll+0x623022]
V  [jvm.dll+0x621086]
V  [jvm.dll+0x23a821]
V  [jvm.dll+0x1e8e87]
V  [jvm.dll+0x1dea41]
V  [jvm.dll+0x53f78c]
V  [jvm.dll+0x7553b8]
V  [jvm.dll+0x7554a4]
V  [jvm.dll+0x40d1af]
V  [jvm.dll+0x413c39]
C  [java.dll+0x17ec]

Java frames: (J=compiled Java code, j=interpreted, Vv=VM code)
J 938  java.lang.ClassLoader.defineClass1(Ljava/lang/ClassLoader;Ljava/lang/String;[BIILjava/security/ProtectionDomain;Ljava/lang/String;)Ljava/lang/Class; java.base@17.0.12 (0 bytes) @ 0x000001c95f4740e3 [0x000001c95f474020+0x00000000000000c3]
J 946 c1 java.lang.ClassLoader.defineClass(Ljava/lang/String;[BIILjava/security/ProtectionDomain;)Ljava/lang/Class; java.base@17.0.12 (43 bytes) @ 0x000001c957aefad4 [0x000001c957aef780+0x0000000000000354]
J 1006 c1 java.security.SecureClassLoader.defineClass(Ljava/lang/String;[BIILjava/security/CodeSource;)Ljava/lang/Class; java.base@17.0.12 (16 bytes) @ 0x000001c957b0cb8c [0x000001c957b0cac0+0x00000000000000cc]
J 912 c1 jdk.internal.loader.BuiltinClassLoader.defineClass(Ljava/lang/String;Ljdk/internal/loader/Resource;)Ljava/lang/Class; java.base@17.0.12 (121 bytes) @ 0x000001c957ad9ae4 [0x000001c957ad8b80+0x0000000000000f64]
J 807 c1 jdk.internal.loader.BuiltinClassLoader.findClassOnClassPathOrNull(Ljava/lang/String;)Ljava/lang/Class; java.base@17.0.12 (64 bytes) @ 0x000001c957a95d5c [0x000001c957a94ce0+0x000000000000107c]
J 512 c1 jdk.internal.loader.BuiltinClassLoader.loadClassOrNull(Ljava/lang/String;Z)Ljava/lang/Class; java.base@17.0.12 (143 bytes) @ 0x000001c957a0fa4c [0x000001c957a0eb40+0x0000000000000f0c]
J 630 c1 jdk.internal.loader.ClassLoaders$AppClassLoader.loadClass(Ljava/lang/String;Z)Ljava/lang/Class; java.base@17.0.12 (40 bytes) @ 0x000001c957a3d4fc [0x000001c957a3cee0+0x000000000000061c]
J 629 c1 java.lang.ClassLoader.loadClass(Ljava/lang/String;)Ljava/lang/Class; java.base@17.0.12 (7 bytes) @ 0x000001c957a3cb4c [0x000001c957a3ca40+0x000000000000010c]
v  ~StubRoutines::call_stub
j  tools.jackson.databind.cfg.MapperBuilder._defaultSerializerFactory()Ltools/jackson/databind/ser/SerializerFactory;+0
j  tools.jackson.databind.cfg.MapperBuilder.serializerFactory()Ltools/jackson/databind/ser/SerializerFactory;+9
j  tools.jackson.databind.cfg.ModuleContextBase._serializerFactory()Ltools/jackson/databind/ser/SerializerFactory;+4
j  tools.jackson.databind.cfg.ModuleContextBase.addSerializers(Ltools/jackson/databind/ser/Serializers;)Ltools/jackson/databind/JacksonModule$SetupContext;+2
j  tools.jackson.databind.ext.javatime.JavaTimeInitializer.setupModule(Ltools/jackson/databind/JacksonModule$SetupContext;)V+278
j  tools.jackson.databind.cfg.MapperBuilder.saveStateApplyModules()Ltools/jackson/databind/cfg/MapperBuilderState;+24
j  tools.jackson.databind.ObjectMapper.<init>(Ltools/jackson/databind/cfg/MapperBuilder;)V+22
j  tools.jackson.databind.json.JsonMapper.<init>(Ltools/jackson/databind/json/JsonMapper$Builder;)V+2
j  tools.jackson.databind.json.JsonMapper$Builder.build()Ltools/jackson/databind/json/JsonMapper;+5
j  org.springframework.boot.jackson.autoconfigure.JacksonBackgroundPreinitializer.preinitialize()V+3
j  org.springframework.boot.autoconfigure.preinitialize.BackgroundPreinitializingApplicationListener$Runner.run()V+30
j  java.lang.Thread.run()V+11 java.base@17.0.12
v  ~StubRoutines::call_stub

---------------  P R O C E S S  ---------------

Threads class SMR info:
_java_thread_list=0x000001c9741c2cb0, length=15, elements={
0x000001c9500a5d80, 0x000001c96d885340, 0x000001c96d886a70, 0x000001c96d89a830,
0x000001c96d89d600, 0x000001c96d89dfc0, 0x000001c96d89e980, 0x000001c96d89f720,
0x000001c96da48120, 0x000001c96da58710, 0x000001c96da8d9e0, 0x000001c96dbe4bd0,
0x000001c96dd5db10, 0x000001c972b53af0, 0x000001c9729bfc30
}

Java Threads: ( => current thread )
  0x000001c9500a5d80 JavaThread "main" [_thread_in_vm, id=1752, stack(0x0000009096600000,0x0000009096700000)]
  0x000001c96d885340 JavaThread "Reference Handler" daemon [_thread_blocked, id=9968, stack(0x0000009096d00000,0x0000009096e00000)]
  0x000001c96d886a70 JavaThread "Finalizer" daemon [_thread_blocked, id=8804, stack(0x0000009096e00000,0x0000009096f00000)]
  0x000001c96d89a830 JavaThread "Signal Dispatcher" daemon [_thread_blocked, id=17592, stack(0x0000009096f00000,0x0000009097000000)]
  0x000001c96d89d600 JavaThread "Attach Listener" daemon [_thread_blocked, id=15752, stack(0x0000009097000000,0x0000009097100000)]
  0x000001c96d89dfc0 JavaThread "Service Thread" daemon [_thread_blocked, id=17076, stack(0x0000009097100000,0x0000009097200000)]
  0x000001c96d89e980 JavaThread "Monitor Deflation Thread" daemon [_thread_blocked, id=17192, stack(0x0000009097200000,0x0000009097300000)]
  0x000001c96d89f720 JavaThread "C2 CompilerThread0" daemon [_thread_blocked, id=4620, stack(0x0000009097300000,0x0000009097400000)]
  0x000001c96da48120 JavaThread "C1 CompilerThread0" daemon [_thread_in_vm, id=17800, stack(0x0000009097400000,0x0000009097500000)]
  0x000001c96da58710 JavaThread "Sweeper thread" daemon [_thread_blocked, id=17792, stack(0x0000009097500000,0x0000009097600000)]
  0x000001c96da8d9e0 JavaThread "Common-Cleaner" daemon [_thread_blocked, id=12408, stack(0x0000009097600000,0x0000009097700000)]
  0x000001c96dbe4bd0 JavaThread "Monitor Ctrl-Break" daemon [_thread_in_native, id=1912, stack(0x0000009097700000,0x0000009097800000)]
  0x000001c96dd5db10 JavaThread "Notification Thread" daemon [_thread_blocked, id=16588, stack(0x0000009097800000,0x0000009097900000)]
=>0x000001c972b53af0 JavaThread "background-preinit" [_thread_in_vm, id=3844, stack(0x0000009097a00000,0x0000009097b00000)]
  0x000001c9729bfc30 JavaThread "C2 CompilerThread1" daemon [_thread_blocked, id=2668, stack(0x0000009097e00000,0x0000009097f00000)]

Other Threads:
  0x000001c96d880590 VMThread "VM Thread" [stack: 0x0000009096c00000,0x0000009096d00000] [id=3760]
  0x000001c96dcef3e0 WatcherThread [stack: 0x0000009097900000,0x0000009097a00000] [id=18368]
  0x000001c9501013c0 GCTaskThread "GC Thread#0" [stack: 0x0000009096700000,0x0000009096800000] [id=15904]
  0x000001c9725d9a90 GCTaskThread "GC Thread#1" [stack: 0x0000009097b00000,0x0000009097c00000] [id=17972]
  0x000001c972697b00 GCTaskThread "GC Thread#2" [stack: 0x0000009097c00000,0x0000009097d00000] [id=15748]
  0x000001c97269d5f0 GCTaskThread "GC Thread#3" [stack: 0x0000009097d00000,0x0000009097e00000] [id=3408]
  0x000001c94ddfdea0 ConcurrentGCThread "G1 Main Marker" [stack: 0x0000009096800000,0x0000009096900000] [id=3744]
  0x000001c94ddfea10 ConcurrentGCThread "G1 Conc#0" [stack: 0x0000009096900000,0x0000009096a00000] [id=15912]
  0x000001c95015dc90 ConcurrentGCThread "G1 Refine#0" [stack: 0x0000009096a00000,0x0000009096b00000] [id=15928]
  0x000001c95015e820 ConcurrentGCThread "G1 Service" [stack: 0x0000009096b00000,0x0000009096c00000] [id=15788]

Threads with active compile tasks:
C1 CompilerThread0     4729 2532       3       org.springframework.core.annotation.MergedAnnotationsCollection::isPresent (136 bytes)

VM state: not at safepoint (normal execution)

VM Mutex/Monitor currently owned by a thread:  ([mutex/lock_event])
[0x000001c94dd41cf0] Metaspace_lock - owner thread: 0x000001c972b53af0
[0x000001c9500a2340] MethodData_lock - owner thread: 0x000001c96da48120

Heap address: 0x0000000082800000, size: 2008 MB, Compressed Oops mode: 32-bit

CDS archive(s) mapped at: [0x000001c900000000-0x000001c900bd0000-0x000001c900bd0000), size 12386304, SharedBaseAddress: 0x000001c900000000, ArchiveRelocationMode: 1.
Compressed class space mapped at: 0x000001c901000000-0x000001c941000000, reserved size: 1073741824
Narrow klass base: 0x000001c900000000, Narrow klass shift: 0, Narrow klass range: 0x100000000

GC Precious Log:
 CPUs: 4 total, 4 available
 Memory: 8026M
 Large Page Support: Disabled
 NUMA Support: Disabled
 Compressed Oops: Enabled (32-bit)
 Heap Region Size: 1M
 Heap Min Capacity: 8M
 Heap Initial Capacity: 126M
 Heap Max Capacity: 2008M
 Pre-touch: Disabled
 Parallel Workers: 4
 Concurrent Workers: 1
 Concurrent Refinement Workers: 4
 Periodic GC: Disabled

Heap:
 garbage-first heap   total 129024K, used 47208K [0x0000000082800000, 0x0000000100000000)
  region size 1024K, 41 young (41984K), 3 survivors (3072K)
 Metaspace       used 20918K, committed 21312K, reserved 1114112K
  class space    used 2734K, committed 2944K, reserved 1048576K

Heap Regions: E=young(eden), S=young(survivor), O=old, HS=humongous(starts), HC=humongous(continues), CS=collection set, F=free, OA=open archive, CA=closed archive, TAMS=top-at-mark-start (previous, next)
|   0|0x0000000082800000, 0x0000000082900000, 0x0000000082900000|100%|HS|  |TAMS 0x0000000082800000, 0x0000000082800000| Complete 
|   1|0x0000000082900000, 0x0000000082a00000, 0x0000000082a00000|100%|HS|  |TAMS 0x0000000082900000, 0x0000000082900000| Complete 
|   2|0x0000000082a00000, 0x0000000082b00000, 0x0000000082b00000|100%| O|  |TAMS 0x0000000082a00000, 0x0000000082a00000| Untracked 
|   3|0x0000000082b00000, 0x0000000082c00000, 0x0000000082c00000|100%| O|  |TAMS 0x0000000082b00000, 0x0000000082b00000| Untracked 
|   4|0x0000000082c00000, 0x0000000082d00000, 0x0000000082d00000|100%| O|  |TAMS 0x0000000082c00000, 0x0000000082c00000| Untracked 
|   5|0x0000000082d00000, 0x0000000082e00000, 0x0000000082e00000|100%| O|  |TAMS 0x0000000082d00000, 0x0000000082d00000| Untracked 
|   6|0x0000000082e00000, 0x0000000082f00000, 0x0000000082f00000|100%| O|  |TAMS 0x0000000082e00000, 0x0000000082e00000| Untracked 
|   7|0x0000000082f00000, 0x0000000082f48c00, 0x0000000083000000| 28%| O|  |TAMS 0x0000000082f00000, 0x0000000082f00000| Untracked 
|   8|0x0000000083000000, 0x0000000083000000, 0x0000000083100000|  0%| F|  |TAMS 0x0000000083000000, 0x0000000083000000| Untracked 
|   9|0x0000000083100000, 0x0000000083100000, 0x0000000083200000|  0%| F|  |TAMS 0x0000000083100000, 0x0000000083100000| Untracked 
|  10|0x0000000083200000, 0x0000000083200000, 0x0000000083300000|  0%| F|  |TAMS 0x0000000083200000, 0x0000000083200000| Untracked 
|  11|0x0000000083300000, 0x0000000083300000, 0x0000000083400000|  0%| F|  |TAMS 0x0000000083300000, 0x0000000083300000| Untracked 
|  12|0x0000000083400000, 0x0000000083400000, 0x0000000083500000|  0%| F|  |TAMS 0x0000000083400000, 0x0000000083400000| Untracked 
|  13|0x0000000083500000, 0x0000000083500000, 0x0000000083600000|  0%| F|  |TAMS 0x0000000083500000, 0x0000000083500000| Untracked 
|  14|0x0000000083600000, 0x0000000083600000, 0x0000000083700000|  0%| F|  |TAMS 0x0000000083600000, 0x0000000083600000| Untracked 
|  15|0x0000000083700000, 0x0000000083700000, 0x0000000083800000|  0%| F|  |TAMS 0x0000000083700000, 0x0000000083700000| Untracked 
|  16|0x0000000083800000, 0x0000000083800000, 0x0000000083900000|  0%| F|  |TAMS 0x0000000083800000, 0x0000000083800000| Untracked 
|  17|0x0000000083900000, 0x0000000083900000, 0x0000000083a00000|  0%| F|  |TAMS 0x0000000083900000, 0x0000000083900000| Untracked 
|  18|0x0000000083a00000, 0x0000000083a00000, 0x0000000083b00000|  0%| F|  |TAMS 0x0000000083a00000, 0x0000000083a00000| Untracked 
|  19|0x0000000083b00000, 0x0000000083b00000, 0x0000000083c00000|  0%| F|  |TAMS 0x0000000083b00000, 0x0000000083b00000| Untracked 
|  20|0x0000000083c00000, 0x0000000083c00000, 0x0000000083d00000|  0%| F|  |TAMS 0x0000000083c00000, 0x0000000083c00000| Untracked 
|  21|0x0000000083d00000, 0x0000000083d00000, 0x0000000083e00000|  0%| F|  |TAMS 0x0000000083d00000, 0x0000000083d00000| Untracked 
|  22|0x0000000083e00000, 0x0000000083e00000, 0x0000000083f00000|  0%| F|  |TAMS 0x0000000083e00000, 0x0000000083e00000| Untracked 
|  23|0x0000000083f00000, 0x0000000083f00000, 0x0000000084000000|  0%| F|  |TAMS 0x0000000083f00000, 0x0000000083f00000| Untracked 
|  24|0x0000000084000000, 0x0000000084000000, 0x0000000084100000|  0%| F|  |TAMS 0x0000000084000000, 0x0000000084000000| Untracked 
|  25|0x0000000084100000, 0x0000000084100000, 0x0000000084200000|  0%| F|  |TAMS 0x0000000084100000, 0x0000000084100000| Untracked 
|  26|0x0000000084200000, 0x0000000084200000, 0x0000000084300000|  0%| F|  |TAMS 0x0000000084200000, 0x0000000084200000| Untracked 
|  27|0x0000000084300000, 0x0000000084300000, 0x0000000084400000|  0%| F|  |TAMS 0x0000000084300000, 0x0000000084300000| Untracked 
|  28|0x0000000084400000, 0x0000000084400000, 0x0000000084500000|  0%| F|  |TAMS 0x0000000084400000, 0x0000000084400000| Untracked 
|  29|0x0000000084500000, 0x0000000084500000, 0x0000000084600000|  0%| F|  |TAMS 0x0000000084500000, 0x0000000084500000| Untracked 
|  30|0x0000000084600000, 0x0000000084600000, 0x0000000084700000|  0%| F|  |TAMS 0x0000000084600000, 0x0000000084600000| Untracked 
|  31|0x0000000084700000, 0x0000000084700000, 0x0000000084800000|  0%| F|  |TAMS 0x0000000084700000, 0x0000000084700000| Untracked 
|  32|0x0000000084800000, 0x0000000084800000, 0x0000000084900000|  0%| F|  |TAMS 0x0000000084800000, 0x0000000084800000| Untracked 
|  33|0x0000000084900000, 0x0000000084900000, 0x0000000084a00000|  0%| F|  |TAMS 0x0000000084900000, 0x0000000084900000| Untracked 
|  34|0x0000000084a00000, 0x0000000084a00000, 0x0000000084b00000|  0%| F|  |TAMS 0x0000000084a00000, 0x0000000084a00000| Untracked 
|  35|0x0000000084b00000, 0x0000000084b00000, 0x0000000084c00000|  0%| F|  |TAMS 0x0000000084b00000, 0x0000000084b00000| Untracked 
|  36|0x0000000084c00000, 0x0000000084c00000, 0x0000000084d00000|  0%| F|  |TAMS 0x0000000084c00000, 0x0000000084c00000| Untracked 
|  37|0x0000000084d00000, 0x0000000084d00000, 0x0000000084e00000|  0%| F|  |TAMS 0x0000000084d00000, 0x0000000084d00000| Untracked 
|  38|0x0000000084e00000, 0x0000000084e00000, 0x0000000084f00000|  0%| F|  |TAMS 0x0000000084e00000, 0x0000000084e00000| Untracked 
|  39|0x0000000084f00000, 0x0000000084f00000, 0x0000000085000000|  0%| F|  |TAMS 0x0000000084f00000, 0x0000000084f00000| Untracked 
|  40|0x0000000085000000, 0x0000000085000000, 0x0000000085100000|  0%| F|  |TAMS 0x0000000085000000, 0x0000000085000000| Untracked 
|  41|0x0000000085100000, 0x0000000085100000, 0x0000000085200000|  0%| F|  |TAMS 0x0000000085100000, 0x0000000085100000| Untracked 
|  42|0x0000000085200000, 0x0000000085200000, 0x0000000085300000|  0%| F|  |TAMS 0x0000000085200000, 0x0000000085200000| Untracked 
|  43|0x0000000085300000, 0x0000000085300000, 0x0000000085400000|  0%| F|  |TAMS 0x0000000085300000, 0x0000000085300000| Untracked 
|  44|0x0000000085400000, 0x0000000085400000, 0x0000000085500000|  0%| F|  |TAMS 0x0000000085400000, 0x0000000085400000| Untracked 
|  45|0x0000000085500000, 0x0000000085500000, 0x0000000085600000|  0%| F|  |TAMS 0x0000000085500000, 0x0000000085500000| Untracked 
|  46|0x0000000085600000, 0x0000000085600000, 0x0000000085700000|  0%| F|  |TAMS 0x0000000085600000, 0x0000000085600000| Untracked 
|  47|0x0000000085700000, 0x0000000085700000, 0x0000000085800000|  0%| F|  |TAMS 0x0000000085700000, 0x0000000085700000| Untracked 
|  48|0x0000000085800000, 0x0000000085800000, 0x0000000085900000|  0%| F|  |TAMS 0x0000000085800000, 0x0000000085800000| Untracked 
|  49|0x0000000085900000, 0x0000000085900000, 0x0000000085a00000|  0%| F|  |TAMS 0x0000000085900000, 0x0000000085900000| Untracked 
|  50|0x0000000085a00000, 0x0000000085a00000, 0x0000000085b00000|  0%| F|  |TAMS 0x0000000085a00000, 0x0000000085a00000| Untracked 
|  51|0x0000000085b00000, 0x0000000085b00000, 0x0000000085c00000|  0%| F|  |TAMS 0x0000000085b00000, 0x0000000085b00000| Untracked 
|  52|0x0000000085c00000, 0x0000000085c00000, 0x0000000085d00000|  0%| F|  |TAMS 0x0000000085c00000, 0x0000000085c00000| Untracked 
|  53|0x0000000085d00000, 0x0000000085d00000, 0x0000000085e00000|  0%| F|  |TAMS 0x0000000085d00000, 0x0000000085d00000| Untracked 
|  54|0x0000000085e00000, 0x0000000085e00000, 0x0000000085f00000|  0%| F|  |TAMS 0x0000000085e00000, 0x0000000085e00000| Untracked 
|  55|0x0000000085f00000, 0x0000000085f00000, 0x0000000086000000|  0%| F|  |TAMS 0x0000000085f00000, 0x0000000085f00000| Untracked 
|  56|0x0000000086000000, 0x0000000086000000, 0x0000000086100000|  0%| F|  |TAMS 0x0000000086000000, 0x0000000086000000| Untracked 
|  57|0x0000000086100000, 0x0000000086100000, 0x0000000086200000|  0%| F|  |TAMS 0x0000000086100000, 0x0000000086100000| Untracked 
|  58|0x0000000086200000, 0x0000000086200000, 0x0000000086300000|  0%| F|  |TAMS 0x0000000086200000, 0x0000000086200000| Untracked 
|  59|0x0000000086300000, 0x0000000086300000, 0x0000000086400000|  0%| F|  |TAMS 0x0000000086300000, 0x0000000086300000| Untracked 
|  60|0x0000000086400000, 0x0000000086400000, 0x0000000086500000|  0%| F|  |TAMS 0x0000000086400000, 0x0000000086400000| Untracked 
|  61|0x0000000086500000, 0x0000000086500000, 0x0000000086600000|  0%| F|  |TAMS 0x0000000086500000, 0x0000000086500000| Untracked 
|  62|0x0000000086600000, 0x0000000086600000, 0x0000000086700000|  0%| F|  |TAMS 0x0000000086600000, 0x0000000086600000| Untracked 
|  63|0x0000000086700000, 0x0000000086700000, 0x0000000086800000|  0%| F|  |TAMS 0x0000000086700000, 0x0000000086700000| Untracked 
|  64|0x0000000086800000, 0x0000000086800000, 0x0000000086900000|  0%| F|  |TAMS 0x0000000086800000, 0x0000000086800000| Untracked 
|  65|0x0000000086900000, 0x0000000086900000, 0x0000000086a00000|  0%| F|  |TAMS 0x0000000086900000, 0x0000000086900000| Untracked 
|  66|0x0000000086a00000, 0x0000000086a00000, 0x0000000086b00000|  0%| F|  |TAMS 0x0000000086a00000, 0x0000000086a00000| Untracked 
|  67|0x0000000086b00000, 0x0000000086b00000, 0x0000000086c00000|  0%| F|  |TAMS 0x0000000086b00000, 0x0000000086b00000| Untracked 
|  68|0x0000000086c00000, 0x0000000086c00000, 0x0000000086d00000|  0%| F|  |TAMS 0x0000000086c00000, 0x0000000086c00000| Untracked 
|  69|0x0000000086d00000, 0x0000000086d00000, 0x0000000086e00000|  0%| F|  |TAMS 0x0000000086d00000, 0x0000000086d00000| Untracked 
|  70|0x0000000086e00000, 0x0000000086e00000, 0x0000000086f00000|  0%| F|  |TAMS 0x0000000086e00000, 0x0000000086e00000| Untracked 
|  71|0x0000000086f00000, 0x0000000086f00000, 0x0000000087000000|  0%| F|  |TAMS 0x0000000086f00000, 0x0000000086f00000| Untracked 
|  72|0x0000000087000000, 0x0000000087000000, 0x0000000087100000|  0%| F|  |TAMS 0x0000000087000000, 0x0000000087000000| Untracked 
|  73|0x0000000087100000, 0x0000000087100000, 0x0000000087200000|  0%| F|  |TAMS 0x0000000087100000, 0x0000000087100000| Untracked 
|  74|0x0000000087200000, 0x0000000087200000, 0x0000000087300000|  0%| F|  |TAMS 0x0000000087200000, 0x0000000087200000| Untracked 
|  75|0x0000000087300000, 0x0000000087300000, 0x0000000087400000|  0%| F|  |TAMS 0x0000000087300000, 0x0000000087300000| Untracked 
|  76|0x0000000087400000, 0x0000000087400000, 0x0000000087500000|  0%| F|  |TAMS 0x0000000087400000, 0x0000000087400000| Untracked 
|  77|0x0000000087500000, 0x0000000087500000, 0x0000000087600000|  0%| F|  |TAMS 0x0000000087500000, 0x0000000087500000| Untracked 
|  78|0x0000000087600000, 0x0000000087600000, 0x0000000087700000|  0%| F|  |TAMS 0x0000000087600000, 0x0000000087600000| Untracked 
|  79|0x0000000087700000, 0x0000000087700000, 0x0000000087800000|  0%| F|  |TAMS 0x0000000087700000, 0x0000000087700000| Untracked 
|  80|0x0000000087800000, 0x0000000087800000, 0x0000000087900000|  0%| F|  |TAMS 0x0000000087800000, 0x0000000087800000| Untracked 
|  81|0x0000000087900000, 0x0000000087900000, 0x0000000087a00000|  0%| F|  |TAMS 0x0000000087900000, 0x0000000087900000| Untracked 
|  82|0x0000000087a00000, 0x0000000087a00000, 0x0000000087b00000|  0%| F|  |TAMS 0x0000000087a00000, 0x0000000087a00000| Untracked 
|  83|0x0000000087b00000, 0x0000000087b00000, 0x0000000087c00000|  0%| F|  |TAMS 0x0000000087b00000, 0x0000000087b00000| Untracked 
|  84|0x0000000087c00000, 0x0000000087c00000, 0x0000000087d00000|  0%| F|  |TAMS 0x0000000087c00000, 0x0000000087c00000| Untracked 
|  85|0x0000000087d00000, 0x0000000087d785d8, 0x0000000087e00000| 47%| E|  |TAMS 0x0000000087d00000, 0x0000000087d00000| Complete 
|  86|0x0000000087e00000, 0x0000000087f00000, 0x0000000087f00000|100%| E|CS|TAMS 0x0000000087e00000, 0x0000000087e00000| Complete 
|  87|0x0000000087f00000, 0x0000000088000000, 0x0000000088000000|100%| E|CS|TAMS 0x0000000087f00000, 0x0000000087f00000| Complete 
|  88|0x0000000088000000, 0x0000000088100000, 0x0000000088100000|100%| E|CS|TAMS 0x0000000088000000, 0x0000000088000000| Complete 
|  89|0x0000000088100000, 0x0000000088200000, 0x0000000088200000|100%| E|CS|TAMS 0x0000000088100000, 0x0000000088100000| Complete 
|  90|0x0000000088200000, 0x0000000088300000, 0x0000000088300000|100%| E|  |TAMS 0x0000000088200000, 0x0000000088200000| Complete 
|  91|0x0000000088300000, 0x0000000088400000, 0x0000000088400000|100%| E|CS|TAMS 0x0000000088300000, 0x0000000088300000| Complete 
|  92|0x0000000088400000, 0x0000000088500000, 0x0000000088500000|100%| E|CS|TAMS 0x0000000088400000, 0x0000000088400000| Complete 
|  93|0x0000000088500000, 0x0000000088600000, 0x0000000088600000|100%| E|CS|TAMS 0x0000000088500000, 0x0000000088500000| Complete 
|  94|0x0000000088600000, 0x0000000088700000, 0x0000000088700000|100%| E|CS|TAMS 0x0000000088600000, 0x0000000088600000| Complete 
|  95|0x0000000088700000, 0x0000000088800000, 0x0000000088800000|100%| E|CS|TAMS 0x0000000088700000, 0x0000000088700000| Complete 
|  96|0x0000000088800000, 0x0000000088900000, 0x0000000088900000|100%| E|CS|TAMS 0x0000000088800000, 0x0000000088800000| Complete 
|  97|0x0000000088900000, 0x00000000889d1580, 0x0000000088a00000| 81%| S|CS|TAMS 0x0000000088900000, 0x0000000088900000| Complete 
|  98|0x0000000088a00000, 0x0000000088b00000, 0x0000000088b00000|100%| S|CS|TAMS 0x0000000088a00000, 0x0000000088a00000| Complete 
|  99|0x0000000088b00000, 0x0000000088c00000, 0x0000000088c00000|100%| S|CS|TAMS 0x0000000088b00000, 0x0000000088b00000| Complete 
| 100|0x0000000088c00000, 0x0000000088d00000, 0x0000000088d00000|100%| E|CS|TAMS 0x0000000088c00000, 0x0000000088c00000| Complete 
| 101|0x0000000088d00000, 0x0000000088e00000, 0x0000000088e00000|100%| E|CS|TAMS 0x0000000088d00000, 0x0000000088d00000| Complete 
| 102|0x0000000088e00000, 0x0000000088f00000, 0x0000000088f00000|100%| E|CS|TAMS 0x0000000088e00000, 0x0000000088e00000| Complete 
| 103|0x0000000088f00000, 0x0000000089000000, 0x0000000089000000|100%| E|CS|TAMS 0x0000000088f00000, 0x0000000088f00000| Complete 
| 104|0x0000000089000000, 0x0000000089100000, 0x0000000089100000|100%| E|CS|TAMS 0x0000000089000000, 0x0000000089000000| Complete 
| 105|0x0000000089100000, 0x0000000089200000, 0x0000000089200000|100%| E|CS|TAMS 0x0000000089100000, 0x0000000089100000| Complete 
| 106|0x0000000089200000, 0x0000000089300000, 0x0000000089300000|100%| E|CS|TAMS 0x0000000089200000, 0x0000000089200000| Complete 
| 107|0x0000000089300000, 0x0000000089400000, 0x0000000089400000|100%| E|CS|TAMS 0x0000000089300000, 0x0000000089300000| Complete 
| 108|0x0000000089400000, 0x0000000089500000, 0x0000000089500000|100%| E|CS|TAMS 0x0000000089400000, 0x0000000089400000| Complete 
| 109|0x0000000089500000, 0x0000000089600000, 0x0000000089600000|100%| E|CS|TAMS 0x0000000089500000, 0x0000000089500000| Complete 
| 110|0x0000000089600000, 0x0000000089700000, 0x0000000089700000|100%| E|CS|TAMS 0x0000000089600000, 0x0000000089600000| Complete 
| 111|0x0000000089700000, 0x0000000089800000, 0x0000000089800000|100%| E|CS|TAMS 0x0000000089700000, 0x0000000089700000| Complete 
| 112|0x0000000089800000, 0x0000000089900000, 0x0000000089900000|100%| E|CS|TAMS 0x0000000089800000, 0x0000000089800000| Complete 
| 113|0x0000000089900000, 0x0000000089a00000, 0x0000000089a00000|100%| E|CS|TAMS 0x0000000089900000, 0x0000000089900000| Complete 
| 114|0x0000000089a00000, 0x0000000089b00000, 0x0000000089b00000|100%| E|CS|TAMS 0x0000000089a00000, 0x0000000089a00000| Complete 
| 115|0x0000000089b00000, 0x0000000089c00000, 0x0000000089c00000|100%| E|CS|TAMS 0x0000000089b00000, 0x0000000089b00000| Complete 
| 116|0x0000000089c00000, 0x0000000089d00000, 0x0000000089d00000|100%| E|CS|TAMS 0x0000000089c00000, 0x0000000089c00000| Complete 
| 117|0x0000000089d00000, 0x0000000089e00000, 0x0000000089e00000|100%| E|CS|TAMS 0x0000000089d00000, 0x0000000089d00000| Complete 
| 118|0x0000000089e00000, 0x0000000089f00000, 0x0000000089f00000|100%| E|CS|TAMS 0x0000000089e00000, 0x0000000089e00000| Complete 
| 119|0x0000000089f00000, 0x000000008a000000, 0x000000008a000000|100%| E|CS|TAMS 0x0000000089f00000, 0x0000000089f00000| Complete 
| 120|0x000000008a000000, 0x000000008a100000, 0x000000008a100000|100%| E|CS|TAMS 0x000000008a000000, 0x000000008a000000| Complete 
| 121|0x000000008a100000, 0x000000008a200000, 0x000000008a200000|100%| E|CS|TAMS 0x000000008a100000, 0x000000008a100000| Complete 
| 122|0x000000008a200000, 0x000000008a300000, 0x000000008a300000|100%| E|CS|TAMS 0x000000008a200000, 0x000000008a200000| Complete 
| 123|0x000000008a300000, 0x000000008a400000, 0x000000008a400000|100%| E|CS|TAMS 0x000000008a300000, 0x000000008a300000| Complete 
| 124|0x000000008a400000, 0x000000008a500000, 0x000000008a500000|100%| E|CS|TAMS 0x000000008a400000, 0x000000008a400000| Complete 
| 125|0x000000008a500000, 0x000000008a600000, 0x000000008a600000|100%| E|CS|TAMS 0x000000008a500000, 0x000000008a500000| Complete 

Card table byte_map: [0x000001c966d40000,0x000001c967130000] _byte_map_base: 0x000001c96692c000

Marking Bits (Prev, Next): (CMBitMap*) 0x000001c9501019e0, (CMBitMap*) 0x000001c950101a20
 Prev Bits: [0x000001c967520000, 0x000001c969480000)
 Next Bits: [0x000001c969480000, 0x000001c96b3e0000)

Polling page: 0x000001c94e1e0000

Metaspace:

Usage:
  Non-class:     17.76 MB used.
      Class:      2.67 MB used.
       Both:     20.43 MB used.

Virtual space:
  Non-class space:       64.00 MB reserved,      17.94 MB ( 28%) committed,  1 nodes.
      Class space:        1.00 GB reserved,       2.88 MB ( <1%) committed,  1 nodes.
             Both:        1.06 GB reserved,      20.81 MB (  2%) committed. 

Chunk freelists:
   Non-Class:  13.61 MB
       Class:  13.17 MB
        Both:  26.78 MB

MaxMetaspaceSize: unlimited
CompressedClassSpaceSize: 1.00 GB
Initial GC threshold: 21.00 MB
Current GC threshold: 21.00 MB
CDS: on
MetaspaceReclaimPolicy: balanced
 - commit_granule_bytes: 65536.
 - commit_granule_words: 8192.
 - virtual_space_node_default_size: 8388608.
 - enlarge_chunks_in_place: 1.
 - new_chunks_are_fully_committed: 0.
 - uncommit_free_chunks: 1.
 - use_allocation_guard: 0.
 - handle_deallocations: 1.


Internal statistics:

num_allocs_failed_limit: 0.
num_arena_births: 414.
num_arena_deaths: 0.
num_vsnodes_births: 2.
num_vsnodes_deaths: 0.
num_space_committed: 333.
num_space_uncommitted: 0.
num_chunks_returned_to_freelist: 0.
num_chunks_taken_from_freelist: 1129.
num_chunk_merges: 0.
num_chunk_splits: 794.
num_chunks_enlarged: 606.
num_inconsistent_stats: 0.

CodeHeap 'non-profiled nmethods': size=120000Kb used=1194Kb max_used=1194Kb free=118806Kb
 bounds [0x000001c95f420000, 0x000001c95f690000, 0x000001c966950000]
CodeHeap 'profiled nmethods': size=120000Kb used=5079Kb max_used=5079Kb free=114920Kb
 bounds [0x000001c957950000, 0x000001c957e50000, 0x000001c95ee80000]
CodeHeap 'non-nmethods': size=5760Kb used=1211Kb max_used=1262Kb free=4549Kb
 bounds [0x000001c95ee80000, 0x000001c95f0f0000, 0x000001c95f420000]
 total_blobs=3047 nmethods=2529 adapters=430
 compilation: enabled
              stopped_count=0, restarted_count=0
 full_count=0

Compilation events (20 events):
Event: 4.644 Thread 0x000001c96da48120 2525       1       org.springframework.core.type.classreading.SimpleMethodMetadata::getDeclaringClassName (5 bytes)
Event: 4.644 Thread 0x000001c96da48120 nmethod 2525 0x000001c95f53e210 code [0x000001c95f53e3a0, 0x000001c95f53e478]
Event: 4.644 Thread 0x000001c96da48120 2521       1       org.springframework.core.type.classreading.SimpleMetadataReader::getClassMetadata (5 bytes)
Event: 4.644 Thread 0x000001c96da48120 nmethod 2521 0x000001c95f53e510 code [0x000001c95f53e6a0, 0x000001c95f53e778]
Event: 4.644 Thread 0x000001c96da48120 2522       1       org.springframework.core.type.classreading.SimpleAnnotationMetadata::getSuperClassName (5 bytes)
Event: 4.644 Thread 0x000001c96da48120 nmethod 2522 0x000001c95f53e810 code [0x000001c95f53e9a0, 0x000001c95f53ea78]
Event: 4.644 Thread 0x000001c96da48120 2520       3       org.springframework.asm.ClassReader::readElementValue (1237 bytes)
Event: 4.650 Thread 0x000001c96da48120 nmethod 2520 0x000001c957e3b210 code [0x000001c957e3ba40, 0x000001c957e40298]
Event: 4.650 Thread 0x000001c96da48120 2526       3       java.util.Collections$UnmodifiableCollection::<init> (22 bytes)
Event: 4.650 Thread 0x000001c96da48120 nmethod 2526 0x000001c957e41c10 code [0x000001c957e41dc0, 0x000001c957e42088]
Event: 4.652 Thread 0x000001c96da48120 2527       3       org.springframework.util.ConcurrentReferenceHashMap$Segment$$Lambda$54/0x000001c90103c7c8::<init> (32 bytes)
Event: 4.653 Thread 0x000001c96da48120 nmethod 2527 0x000001c957e42190 code [0x000001c957e42340, 0x000001c957e425b8]
Event: 4.660 Thread 0x000001c96da48120 2528       3       org.springframework.core.type.classreading.SimpleAnnotationMetadata::getInterfaceNames (8 bytes)
Event: 4.661 Thread 0x000001c96da48120 nmethod 2528 0x000001c957e42690 code [0x000001c957e42880, 0x000001c957e42df8]
Event: 4.669 Thread 0x000001c96da48120 2530   !   3       org.springframework.core.annotation.AnnotationUtils::invokeAnnotationMethod (38 bytes)
Event: 4.669 Thread 0x000001c9729bfc30 nmethod 2465 0x000001c95f53eb10 code [0x000001c95f53ee00, 0x000001c95f541b10]
Event: 4.669 Thread 0x000001c9729bfc30 2529       4       java.lang.StringConcatHelper::newString (67 bytes)
Event: 4.670 Thread 0x000001c9729bfc30 nmethod 2529 0x000001c95f544010 code [0x000001c95f5441a0, 0x000001c95f544298]
Event: 4.670 Thread 0x000001c9729bfc30 2480       4       jdk.internal.org.objectweb.asm.MethodWriter::visitVarInsn (302 bytes)
Event: 4.671 Thread 0x000001c96da48120 nmethod 2530 0x000001c957e42f90 code [0x000001c957e43340, 0x000001c957e44c08]

GC Heap History (6 events):
Event: 1.479 GC heap before
{Heap before GC invocations=0 (full 0):
 garbage-first heap   total 129024K, used 15360K [0x0000000082800000, 0x0000000100000000)
  region size 1024K, 13 young (13312K), 0 survivors (0K)
 Metaspace       used 3075K, committed 3264K, reserved 1114112K
  class space    used 328K, committed 448K, reserved 1048576K
}
Event: 1.485 GC heap after
{Heap after GC invocations=1 (full 0):
 garbage-first heap   total 129024K, used 7467K [0x0000000082800000, 0x0000000100000000)
  region size 1024K, 2 young (2048K), 2 survivors (2048K)
 Metaspace       used 3075K, committed 3264K, reserved 1114112K
  class space    used 328K, committed 448K, reserved 1048576K
}
Event: 2.150 GC heap before
{Heap before GC invocations=1 (full 0):
 garbage-first heap   total 129024K, used 18731K [0x0000000082800000, 0x0000000100000000)
  region size 1024K, 13 young (13312K), 2 survivors (2048K)
 Metaspace       used 6940K, committed 7168K, reserved 1114112K
  class space    used 823K, committed 896K, reserved 1048576K
}
Event: 2.156 GC heap after
{Heap after GC invocations=2 (full 0):
 garbage-first heap   total 129024K, used 8629K [0x0000000082800000, 0x0000000100000000)
  region size 1024K, 2 young (2048K), 2 survivors (2048K)
 Metaspace       used 6940K, committed 7168K, reserved 1114112K
  class space    used 823K, committed 896K, reserved 1048576K
}
Event: 3.266 GC heap before
{Heap before GC invocations=2 (full 0):
 garbage-first heap   total 129024K, used 32181K [0x0000000082800000, 0x0000000100000000)
  region size 1024K, 26 young (26624K), 2 survivors (2048K)
 Metaspace       used 12917K, committed 13248K, reserved 1114112K
  class space    used 1700K, committed 1856K, reserved 1048576K
}
Event: 3.273 GC heap after
{Heap after GC invocations=3 (full 0):
 garbage-first heap   total 129024K, used 10344K [0x0000000082800000, 0x0000000100000000)
  region size 1024K, 3 young (3072K), 3 survivors (3072K)
 Metaspace       used 12917K, committed 13248K, reserved 1114112K
  class space    used 1700K, committed 1856K, reserved 1048576K
}

Deoptimization events (20 events):
Event: 4.211 Thread 0x000001c9741cba80 DEOPT PACKING pc=0x000001c957db1668 sp=0x0000009097ffd910
Event: 4.211 Thread 0x000001c9741cba80 DEOPT UNPACKING pc=0x000001c95eed2b43 sp=0x0000009097ffcda0 mode 0
Event: 4.211 Thread 0x000001c9741cba80 DEOPT PACKING pc=0x000001c957db1668 sp=0x0000009097ffd910
Event: 4.211 Thread 0x000001c9741cba80 DEOPT UNPACKING pc=0x000001c95eed2b43 sp=0x0000009097ffcda0 mode 0
Event: 4.304 Thread 0x000001c9500a5d80 DEOPT PACKING pc=0x000001c957b14c31 sp=0x00000090966feaf0
Event: 4.304 Thread 0x000001c9500a5d80 DEOPT UNPACKING pc=0x000001c95eed2b43 sp=0x00000090966fdfe8 mode 0
Event: 4.305 Thread 0x000001c9500a5d80 DEOPT PACKING pc=0x000001c957b14c31 sp=0x00000090966feaf0
Event: 4.305 Thread 0x000001c9500a5d80 DEOPT UNPACKING pc=0x000001c95eed2b43 sp=0x00000090966fdfe8 mode 0
Event: 4.306 Thread 0x000001c9500a5d80 DEOPT PACKING pc=0x000001c957b14c31 sp=0x00000090966feaf0
Event: 4.306 Thread 0x000001c9500a5d80 DEOPT UNPACKING pc=0x000001c95eed2b43 sp=0x00000090966fdfe8 mode 0
Event: 4.307 Thread 0x000001c9500a5d80 DEOPT PACKING pc=0x000001c957b14c31 sp=0x00000090966feaf0
Event: 4.307 Thread 0x000001c9500a5d80 DEOPT UNPACKING pc=0x000001c95eed2b43 sp=0x00000090966fdfe8 mode 0
Event: 4.308 Thread 0x000001c9500a5d80 DEOPT PACKING pc=0x000001c957b14c31 sp=0x00000090966fead0
Event: 4.308 Thread 0x000001c9500a5d80 DEOPT UNPACKING pc=0x000001c95eed2b43 sp=0x00000090966fdfc0 mode 0
Event: 4.309 Thread 0x000001c9500a5d80 DEOPT PACKING pc=0x000001c957b14c31 sp=0x00000090966feb00
Event: 4.309 Thread 0x000001c9500a5d80 DEOPT UNPACKING pc=0x000001c95eed2b43 sp=0x00000090966fdff0 mode 0
Event: 4.536 Thread 0x000001c9500a5d80 Uncommon trap: trap_request=0xffffff45 fr.pc=0x000001c95f5301ac relative=0x000000000000108c
Event: 4.536 Thread 0x000001c9500a5d80 Uncommon trap: reason=unstable_if action=reinterpret pc=0x000001c95f5301ac method=jdk.internal.jimage.ImageStringsReader.stringFromByteBufferMatches(Ljava/nio/ByteBuffer;ILjava/lang/String;I)I @ 48 c2
Event: 4.536 Thread 0x000001c9500a5d80 DEOPT PACKING pc=0x000001c95f5301ac sp=0x00000090966fe000
Event: 4.536 Thread 0x000001c9500a5d80 DEOPT UNPACKING pc=0x000001c95eed23a3 sp=0x00000090966fdd58 mode 2

Classes unloaded (0 events):
No events

Classes redefined (0 events):
No events

Internal exceptions (20 events):
Event: 2.579 Thread 0x000001c9500a5d80 Exception <a 'java/lang/NoSuchMethodError'{0x0000000089c2bc30}: 'void java.lang.invoke.DirectMethodHandle$Holder.invokeInterface(java.lang.Object, java.lang.Object, java.lang.Object)'> (0x0000000089c2bc30) 
thrown [s\open\src\hotspot\share\interpreter\linkResolver.cpp, line 759]
Event: 2.614 Thread 0x000001c9500a5d80 Exception <a 'java/lang/NoSuchMethodError'{0x0000000089ca8b10}: 'void java.lang.invoke.DirectMethodHandle$Holder.invokeStaticInit(java.lang.Object, java.lang.Object, java.lang.Object)'> (0x0000000089ca8b10) 
thrown [s\open\src\hotspot\share\interpreter\linkResolver.cpp, line 759]
Event: 2.622 Thread 0x000001c9500a5d80 Exception <a 'java/lang/NoSuchMethodError'{0x0000000089cf4e48}: 'java.lang.Object java.lang.invoke.DirectMethodHandle$Holder.invokeVirtual(java.lang.Object, java.lang.Object, java.lang.Object)'> (0x0000000089cf4e48) 
thrown [s\open\src\hotspot\share\interpreter\linkResolver.cpp, line 759]
Event: 2.664 Thread 0x000001c9500a5d80 Exception <a 'java/lang/NoSuchMethodError'{0x0000000089b978a8}: 'java.lang.Object java.lang.invoke.DirectMethodHandle$Holder.newInvokeSpecial(java.lang.Object, long)'> (0x0000000089b978a8) 
thrown [s\open\src\hotspot\share\interpreter\linkResolver.cpp, line 759]
Event: 2.666 Thread 0x000001c9500a5d80 Exception <a 'java/lang/NoSuchMethodError'{0x0000000089b9f140}: 'void java.lang.invoke.DirectMethodHandle$Holder.invokeVirtual(java.lang.Object, java.lang.Object, java.lang.Object, java.lang.Object)'> (0x0000000089b9f140) 
thrown [s\open\src\hotspot\share\interpreter\linkResolver.cpp, line 759]
Event: 2.701 Thread 0x000001c9500a5d80 Exception <a 'java/lang/NoSuchMethodError'{0x000000008984c458}: 'java.lang.Object java.lang.invoke.DirectMethodHandle$Holder.invokeSpecial(java.lang.Object, java.lang.Object, long, java.lang.Object, java.lang.Object, java.lang.Object, java.lang.Object, java.lang.Object, java.lang.Object)'> (0x000000008984c458) 
thrown [s\open\src\hotspot\share\interpreter\linkResolver.cpp, line 759]
Event: 2.702 Thread 0x000001c9500a5d80 Exception <a 'java/lang/NoSuchMethodError'{0x0000000089850cd8}: 'java.lang.Object java.lang.invoke.DelegatingMethodHandle$Holder.reinvoke_L(java.lang.Object, long, java.lang.Object, java.lang.Object, java.lang.Object, java.lang.Object, java.lang.Object, java.lang.Object)'> (0x0000000089850cd8) 
thrown [s\open\src\hotspot\share\interpreter\linkResolver.cpp, line 759]
Event: 2.886 Thread 0x000001c9500a5d80 Exception <a 'java/lang/NoSuchMethodError'{0x000000008965abc8}: 'java.lang.Object java.lang.invoke.DirectMethodHandle$Holder.invokeSpecial(java.lang.Object, java.lang.Object, java.lang.Object, java.lang.Object, java.lang.Object, java.lang.Object, java.lang.Object, java.lang.Object, java.lang.Object)'> (0x000000008965abc8) 
thrown [s\open\src\hotspot\share\interpreter\linkResolver.cpp, line 759]
Event: 2.886 Thread 0x000001c9500a5d80 Exception <a 'java/lang/NoSuchMethodError'{0x000000008965f4f0}: 'java.lang.Object java.lang.invoke.Invokers$Holder.invoke_MT(java.lang.Object, java.lang.Object, java.lang.Object, java.lang.Object, java.lang.Object, java.lang.Object, java.lang.Object, java.lang.Object, java.lang.Object)'> (0x000000008965f4f0) 
thrown [s\open\src\hotspot\share\interpreter\linkResolver.cpp, line 759]
Event: 2.928 Thread 0x000001c9500a5d80 Exception <a 'java/lang/IncompatibleClassChangeError'{0x000000008959a000}: Found class java.lang.Object, but interface was expected> (0x000000008959a000) 
thrown [s\open\src\hotspot\share\interpreter\linkResolver.cpp, line 826]
Event: 2.962 Thread 0x000001c972b53af0 Exception <a 'java/lang/NoSuchMethodError'{0x0000000089490948}: 'java.lang.Object java.lang.invoke.Invokers$Holder.invoke_MT(java.lang.Object, java.lang.Object, java.lang.Object)'> (0x0000000089490948) 
thrown [s\open\src\hotspot\share\interpreter\linkResolver.cpp, line 759]
Event: 3.815 Thread 0x000001c9500a5d80 Exception <a 'sun/nio/fs/WindowsException'{0x000000008990fa80}> (0x000000008990fa80) 
thrown [s\open\src\hotspot\share\prims\jni.cpp, line 516]
Event: 3.817 Thread 0x000001c9500a5d80 Exception <a 'java/lang/NoSuchMethodError'{0x00000000899113a8}: 'int java.lang.invoke.DirectMethodHandle$Holder.invokeSpecial(java.lang.Object, java.lang.Object, java.lang.Object, java.lang.Object, java.lang.Object)'> (0x00000000899113a8) 
thrown [s\open\src\hotspot\share\interpreter\linkResolver.cpp, line 759]
Event: 3.823 Thread 0x000001c9500a5d80 Exception <a 'java/lang/NoSuchMethodError'{0x000000008991a238}: 'void java.lang.invoke.DirectMethodHandle$Holder.invokeVirtual(java.lang.Object, java.lang.Object)'> (0x000000008991a238) 
thrown [s\open\src\hotspot\share\interpreter\linkResolver.cpp, line 759]
Event: 4.290 Thread 0x000001c9500a5d80 Exception <a 'java/lang/IncompatibleClassChangeError'{0x00000000888d8f88}: Found class java.lang.Object, but interface was expected> (0x00000000888d8f88) 
thrown [s\open\src\hotspot\share\interpreter\linkResolver.cpp, line 826]
Event: 4.603 Thread 0x000001c972b53af0 Exception <a 'java/lang/NoSuchMethodError'{0x0000000088069e78}: 'long java.lang.invoke.DirectMethodHandle$Holder.invokeSpecial(java.lang.Object, java.lang.Object)'> (0x0000000088069e78) 
thrown [s\open\src\hotspot\share\interpreter\linkResolver.cpp, line 759]
Event: 4.605 Thread 0x000001c972b53af0 Exception <a 'java/lang/NoSuchMethodError'{0x00000000880f4ca0}: 'long java.lang.invoke.DirectMethodHandle$Holder.invokeStatic(java.lang.Object, java.lang.Object)'> (0x00000000880f4ca0) 
thrown [s\open\src\hotspot\share\interpreter\linkResolver.cpp, line 759]
Event: 4.605 Thread 0x000001c972b53af0 Exception <a 'java/lang/NoSuchMethodError'{0x00000000880f7ff8}: 'long java.lang.invoke.DirectMethodHandle$Holder.invokeStaticInit(java.lang.Object, java.lang.Object)'> (0x00000000880f7ff8) 
thrown [s\open\src\hotspot\share\interpreter\linkResolver.cpp, line 759]
Event: 4.610 Thread 0x000001c972b53af0 Exception <a 'java/lang/NoSuchMethodError'{0x0000000087f05d18}: 'long java.lang.invoke.DirectMethodHandle$Holder.invokeInterface(java.lang.Object, java.lang.Object)'> (0x0000000087f05d18) 
thrown [s\open\src\hotspot\share\interpreter\linkResolver.cpp, line 759]
Event: 4.611 Thread 0x000001c972b53af0 Exception <a 'java/lang/IncompatibleClassChangeError'{0x0000000087f09000}: Found class java.lang.Object, but interface was expected> (0x0000000087f09000) 
thrown [s\open\src\hotspot\share\interpreter\linkResolver.cpp, line 826]

VM Operations (20 events):
Event: 2.149 Executing VM operation: G1CollectForAllocation
Event: 2.156 Executing VM operation: G1CollectForAllocation done
Event: 2.500 Executing VM operation: HandshakeAllThreads
Event: 2.500 Executing VM operation: HandshakeAllThreads done
Event: 2.865 Executing VM operation: HandshakeAllThreads
Event: 2.865 Executing VM operation: HandshakeAllThreads done
Event: 2.915 Executing VM operation: ICBufferFull
Event: 2.916 Executing VM operation: ICBufferFull done
Event: 3.266 Executing VM operation: G1CollectForAllocation
Event: 3.280 Executing VM operation: G1CollectForAllocation done
Event: 3.466 Executing VM operation: HandshakeAllThreads
Event: 3.467 Executing VM operation: HandshakeAllThreads done
Event: 3.734 Executing VM operation: HandshakeAllThreads
Event: 3.734 Executing VM operation: HandshakeAllThreads done
Event: 3.832 Executing VM operation: HandshakeAllThreads
Event: 3.832 Executing VM operation: HandshakeAllThreads done
Event: 4.318 Executing VM operation: HandshakeAllThreads
Event: 4.318 Executing VM operation: HandshakeAllThreads done
Event: 4.318 Executing VM operation: Cleanup
Event: 4.318 Executing VM operation: Cleanup done

Events (20 events):
Event: 4.007 loading class java/util/concurrent/atomic/AtomicLongArray
Event: 4.008 loading class java/util/concurrent/atomic/AtomicLongArray done
Event: 4.008 loading class java/lang/invoke/VarHandleLongs$Array
Event: 4.013 loading class java/lang/invoke/VarHandleLongs$Array done
Event: 4.014 loading class java/util/concurrent/atomic/AtomicReferenceArray
Event: 4.014 loading class java/util/concurrent/atomic/AtomicReferenceArray done
Event: 4.111 loading class sun/text/resources/cldr/FormatData_en
Event: 4.112 loading class sun/text/resources/cldr/FormatData_en done
Event: 4.112 loading class sun/text/resources/cldr/FormatData_en_US
Event: 4.112 loading class sun/text/resources/cldr/FormatData_en_US done
Event: 4.120 Thread 0x000001c9741cba80 Thread added: 0x000001c9741cba80
Event: 4.227 loading class java/io/CharArrayReader
Event: 4.227 loading class java/io/CharArrayReader done
Event: 4.271 Thread 0x000001c9741cba80 Thread exited: 0x000001c9741cba80
Event: 4.564 loading class java/util/stream/Streams$ConcatSpliterator$OfRef
Event: 4.565 loading class java/util/stream/Streams$ConcatSpliterator
Event: 4.566 loading class java/util/stream/Streams$ConcatSpliterator done
Event: 4.566 loading class java/util/stream/Streams$ConcatSpliterator$OfRef done
Event: 4.566 loading class java/util/stream/Streams$2
Event: 4.566 loading class java/util/stream/Streams$2 done


Dynamic libraries:
0x00007ff714ab0000 - 0x00007ff714ac0000 	C:\Program Files\Java\jdk-17\bin\java.exe
0x00007ff9fdae0000 - 0x00007ff9fdd46000 	C:\WINDOWS\SYSTEM32\ntdll.dll
0x00007ff9fc830000 - 0x00007ff9fc8f9000 	C:\WINDOWS\System32\KERNEL32.DLL
0x00007ff9fad70000 - 0x00007ff9fb16a000 	C:\WINDOWS\System32\KERNELBASE.dll
0x00007ff9fb700000 - 0x00007ff9fb84c000 	C:\WINDOWS\System32\ucrtbase.dll
0x00007ff9d8cb0000 - 0x00007ff9d8cc9000 	C:\Program Files\Java\jdk-17\bin\jli.dll
0x00007ff9d13c0000 - 0x00007ff9d13db000 	C:\Program Files\Java\jdk-17\bin\VCRUNTIME140.dll
0x00007ff9fbed0000 - 0x00007ff9fbf86000 	C:\WINDOWS\System32\ADVAPI32.dll
0x00007ff9fbe20000 - 0x00007ff9fbec9000 	C:\WINDOWS\System32\msvcrt.dll
0x00007ff9fd8a0000 - 0x00007ff9fd94a000 	C:\WINDOWS\System32\sechost.dll
0x00007ff9fbbc0000 - 0x00007ff9fbcd8000 	C:\WINDOWS\System32\RPCRT4.dll
0x00007ff9fb8f0000 - 0x00007ff9fbab7000 	C:\WINDOWS\System32\USER32.dll
0x00007ff9fb170000 - 0x00007ff9fb197000 	C:\WINDOWS\System32\win32u.dll
0x00007ff9fd0d0000 - 0x00007ff9fd0fb000 	C:\WINDOWS\System32\GDI32.dll
0x00007ff9fb450000 - 0x00007ff9fb57b000 	C:\WINDOWS\System32\gdi32full.dll
0x00007ff9e5b30000 - 0x00007ff9e5dc2000 	C:\WINDOWS\WinSxS\amd64_microsoft.windows.common-controls_6595b64144ccf1df_6.0.26100.8521_none_3e08b75ce33403b3\COMCTL32.dll
0x00007ff9fb1a0000 - 0x00007ff9fb243000 	C:\WINDOWS\System32\msvcp_win.dll
0x00007ff9f2630000 - 0x00007ff9f263b000 	C:\WINDOWS\SYSTEM32\VERSION.dll
0x00007ff9fc900000 - 0x00007ff9fc932000 	C:\WINDOWS\System32\IMM32.DLL
0x00007ff9e6470000 - 0x00007ff9e647c000 	C:\Program Files\Java\jdk-17\bin\vcruntime140_1.dll
0x00007ff9c3f00000 - 0x00007ff9c3f8e000 	C:\Program Files\Java\jdk-17\bin\msvcp140.dll
0x00007ff95a730000 - 0x00007ff95b310000 	C:\Program Files\Java\jdk-17\bin\server\jvm.dll
0x00007ff9fbba0000 - 0x00007ff9fbba8000 	C:\WINDOWS\System32\PSAPI.DLL
0x00007ff9d89d0000 - 0x00007ff9d89da000 	C:\WINDOWS\SYSTEM32\WSOCK32.dll
0x00007ff9fd2a0000 - 0x00007ff9fd320000 	C:\WINDOWS\System32\WS2_32.dll
0x00007ff9e8080000 - 0x00007ff9e80b6000 	C:\WINDOWS\SYSTEM32\WINMM.dll
0x00007ff9f9ae0000 - 0x00007ff9f9afb000 	C:\WINDOWS\SYSTEM32\kernel.appcore.dll
0x00007ff9d1390000 - 0x00007ff9d139a000 	C:\Program Files\Java\jdk-17\bin\jimage.dll
0x00007ff9ed1f0000 - 0x00007ff9ed432000 	C:\WINDOWS\SYSTEM32\DBGHELP.DLL
0x00007ff9fd510000 - 0x00007ff9fd893000 	C:\WINDOWS\System32\combase.dll
0x00007ff9fbac0000 - 0x00007ff9fbb99000 	C:\WINDOWS\System32\OLEAUT32.dll
0x00007ff9eeb80000 - 0x00007ff9eebbb000 	C:\WINDOWS\SYSTEM32\dbgcore.DLL
0x00007ff9fb250000 - 0x00007ff9fb2f8000 	C:\WINDOWS\System32\bcryptPrimitives.dll
0x00007ff9d1380000 - 0x00007ff9d138e000 	C:\Program Files\Java\jdk-17\bin\instrument.dll
0x00007ff9c3ed0000 - 0x00007ff9c3ef5000 	C:\Program Files\Java\jdk-17\bin\java.dll
0x00007ff9661d0000 - 0x00007ff9662a7000 	C:\Program Files\Java\jdk-17\bin\jsvml.dll
0x00007ff9fbf90000 - 0x00007ff9fc714000 	C:\WINDOWS\System32\SHELL32.dll
0x00007ff9f8920000 - 0x00007ff9f91a0000 	C:\WINDOWS\SYSTEM32\windows.storage.dll
0x00007ff9fcb20000 - 0x00007ff9fcc16000 	C:\WINDOWS\System32\SHCORE.dll
0x00007ff9fb850000 - 0x00007ff9fb8b7000 	C:\WINDOWS\System32\shlwapi.dll
0x00007ff9fac90000 - 0x00007ff9facb9000 	C:\WINDOWS\SYSTEM32\profapi.dll
0x00007ff9c4e60000 - 0x00007ff9c4e78000 	C:\Program Files\Java\jdk-17\bin\zip.dll
0x00007ff9c4b70000 - 0x00007ff9c4b89000 	C:\Program Files\Java\jdk-17\bin\net.dll
0x00007ff9ecf10000 - 0x00007ff9ed039000 	C:\WINDOWS\SYSTEM32\WINHTTP.dll
0x00007ff9fa070000 - 0x00007ff9fa0dc000 	C:\WINDOWS\system32\mswsock.dll
0x00007ff9c3eb0000 - 0x00007ff9c3ec6000 	C:\Program Files\Java\jdk-17\bin\nio.dll

dbghelp: loaded successfully - version: 4.0.5 - missing functions: none
symbol engine: initialized successfully - sym options: 0x614 - pdb path: .;C:\Program Files\Java\jdk-17\bin;C:\WINDOWS\SYSTEM32;C:\WINDOWS\WinSxS\amd64_microsoft.windows.common-controls_6595b64144ccf1df_6.0.26100.8521_none_3e08b75ce33403b3;C:\Program Files\Java\jdk-17\bin\server

VM Arguments:
jvm_args: -javaagent:C:\Program Files (x86)\JetBrains\IntelliJ IDEA Community Edition 2025.1.1.1\lib\idea_rt.jar=56817 -Dfile.encoding=UTF-8 
java_command: com.rafamamu.financeflow.FinanceflowApplication
java_class_path (initial): C:\Users\rafar\Desktop\meusProjetos\financeflow\target\classes;C:\Users\rafar\.m2\repository\org\springframework\boot\spring-boot-starter-data-jpa\4.0.6\spring-boot-starter-data-jpa-4.0.6.jar;C:\Users\rafar\.m2\repository\org\springframework\boot\spring-boot-starter\4.0.6\spring-boot-starter-4.0.6.jar;C:\Users\rafar\.m2\repository\org\springframework\boot\spring-boot-starter-logging\4.0.6\spring-boot-starter-logging-4.0.6.jar;C:\Users\rafar\.m2\repository\ch\qos\logback\logback-classic\1.5.32\logback-classic-1.5.32.jar;C:\Users\rafar\.m2\repository\ch\qos\logback\logback-core\1.5.32\logback-core-1.5.32.jar;C:\Users\rafar\.m2\repository\org\apache\logging\log4j\log4j-to-slf4j\2.25.4\log4j-to-slf4j-2.25.4.jar;C:\Users\rafar\.m2\repository\org\apache\logging\log4j\log4j-api\2.25.4\log4j-api-2.25.4.jar;C:\Users\rafar\.m2\repository\org\slf4j\jul-to-slf4j\2.0.17\jul-to-slf4j-2.0.17.jar;C:\Users\rafar\.m2\repository\org\springframework\boot\spring-boot-autoconfigure\4.0.6\spring-boot-autoconfigure-4.0.6.jar;C:\Users\rafar\.m2\repository\jakarta\annotation\jakarta.annotation-api\3.0.0\jakarta.annotation-api-3.0.0.jar;C:\Users\rafar\.m2\repository\org\yaml\snakeyaml\2.5\snakeyaml-2.5.jar;C:\Users\rafar\.m2\repository\org\springframework\boot\spring-boot-starter-jdbc\4.0.6\spring-boot-starter-jdbc-4.0.6.jar;C:\Users\rafar\.m2\repository\com\zaxxer\HikariCP\7.0.2\HikariCP-7.0.2.jar;C:\Users\rafar\.m2\repository\org\slf4j\slf4j-api\2.0.17\slf4j-api-2.0.17.jar;C:\Users\rafar\.m2\repository\org\springframework\boot\spring-boot-data-jpa\4.0.6\spring-boot-data-jpa-4.0.6.jar;C:\Users\rafar\.m2\repository\org\springframework\boot\spring-boot-data-commons\4.0.6\spring-boot-data-commons-4.0.6.jar;C:\Users\rafar\.m2\repository\org\springframework\boot\spring-boot-persistence\4.0.6\spring-boot-persistence-4.0.6.jar;C:\Users\rafar\.m2\repository\org\springframework\data\spring-data-commons\4.0.5\spring-data-commons-4.0.5.jar;C:\Users\rafar\.m2\repository\org\
Launcher Type: SUN_STANDARD

[Global flags]
     intx CICompilerCount                          = 3                                         {product} {ergonomic}
     uint ConcGCThreads                            = 1                                         {product} {ergonomic}
     uint G1ConcRefinementThreads                  = 4                                         {product} {ergonomic}
   size_t G1HeapRegionSize                         = 1048576                                   {product} {ergonomic}
    uintx GCDrainStackTargetSize                   = 64                                        {product} {ergonomic}
   size_t InitialHeapSize                          = 132120576                                 {product} {ergonomic}
   size_t MarkStackSize                            = 4194304                                   {product} {ergonomic}
   size_t MaxHeapSize                              = 2105540608                                {product} {ergonomic}
   size_t MaxNewSize                               = 1262485504                                {product} {ergonomic}
   size_t MinHeapDeltaBytes                        = 1048576                                   {product} {ergonomic}
   size_t MinHeapSize                              = 8388608                                   {product} {ergonomic}
    uintx NonNMethodCodeHeapSize                   = 5832780                                {pd product} {ergonomic}
    uintx NonProfiledCodeHeapSize                  = 122912730                              {pd product} {ergonomic}
    uintx ProfiledCodeHeapSize                     = 122912730                              {pd product} {ergonomic}
    uintx ReservedCodeCacheSize                    = 251658240                              {pd product} {ergonomic}
     bool SegmentedCodeCache                       = true                                      {product} {ergonomic}
   size_t SoftMaxHeapSize                          = 2105540608                             {manageable} {ergonomic}
     bool UseCompressedClassPointers               = true                           {product lp64_product} {ergonomic}
     bool UseCompressedOops                        = true                           {product lp64_product} {ergonomic}
     bool UseG1GC                                  = true                                      {product} {ergonomic}
     bool UseLargePagesIndividualAllocation        = false                                  {pd product} {ergonomic}

Logging:
Log output configuration:
 #0: stdout all=warning uptime,level,tags
 #1: stderr all=off uptime,level,tags

Environment Variables:
JAVA_HOME=C:\Program Files\Java\jdk-17
PATH=C:\Program Files\Java\jdk-17\bin;C:\Program Files\poppler-24.08.0\Library\bin;C:\Program Files\Common Files\Oracle\Java\javapath;C:\WINDOWS\system32;C:\WINDOWS;C:\WINDOWS\System32\Wbem;C:\WINDOWS\System32\WindowsPowerShell\v1.0\;C:\WINDOWS\System32\OpenSSH\;C:\Program Files\Java\jdk-17\bin;C:\ProgramData\chocolatey\bin;C:\Program Files\apache-maven-3.9.9-bin;C:\ProgramData\chocolatey\lib\maven\apache-maven-3.9.9\bin;C:\Program Files\Git\cmd;c:\Program Files\cursor\resources\app\bin;C:\Program Files\nvm;C:\Program Files\nodejs;C:\Program Files\Docker\Docker\resources\bin;C:\Users\rafar\.local\bin;C:\Program Files\PowerShell\7\;C:\Program Files\Java\jdk-17\bin;C:\Users\rafar\AppData\Local\Microsoft\WindowsApps;C:\Users\rafar\AppData\Local\Programs\Microsoft VS Code\bin;C:\Program Files\JetBrains\PyCharm Community Edition 2025.1.1.1\bin;;C:\Program Files\nvm;C:\Program Files\nodejs
USERNAME=rafar
OS=Windows_NT
PROCESSOR_IDENTIFIER=Intel64 Family 6 Model 142 Stepping 12, GenuineIntel



---------------  S Y S T E M  ---------------

OS:
 Windows 11 , 64 bit Build 26100 (10.0.26100.8521)
OS uptime: 0 days 0:22 hours
Hyper-V role detected

CPU: total 4 (initial active 4) (2 cores per cpu, 2 threads per core) family 6 model 142 stepping 12 microcode 0xf0, cx8, cmov, fxsr, ht, mmx, 3dnowpref, sse, sse2, sse3, ssse3, sse4.1, sse4.2, popcnt, lzcnt, tsc, tscinvbit, avx, avx2, aes, erms, clmul, bmi1, bmi2, adx, fma, vzeroupper, clflush, clflushopt, hv

Memory: 4k page, system-wide physical 8026M (1088M free)
TotalPageFile size 12655M (AvailPageFile size 4M)
current process WorkingSet (physical memory assigned to process): 148M, peak: 150M
current process commit charge ("private bytes"): 261M, peak: 264M

vm_info: Java HotSpot(TM) 64-Bit Server VM (17.0.12+8-LTS-286) for windows-amd64 JRE (17.0.12+8-LTS-286), built on Jun  5 2024 06:46:59 by "mach5one" with MS VC++ 17.6 (VS2022)

END.
